b4.jar (r1230)
Enter "java -jar b4.jar" for a summary of command line arguments.
Start time: 08:58 PM MDT on 28 Apr 2014

Command line: java -Xmx1778m -jar beagle.jar
  gt=scaffold612.vcf
  out=scaffold612.phased.vcf

reference samples: 0
target samples:    93
  singles: 93
  duos:    0
  trios:   0

Window 1 [ scaffold612:2088-858845 ]
target markers:    21058

Starting burn-in iterations
b4.jar (r1230)
Enter "java -jar b4.jar" for a summary of command line arguments.
Start time: 08:59 PM MDT on 28 Apr 2014

Command line: java -Xmx1778m -jar beagle.jar
  gt=scaffold612.vcf
  out=scaffold612.phased.vcf

reference samples: 0
target samples:    93
  singles: 93
  duos:    0
  trios:   0

Window 1 [ scaffold612:2088-858845 ]
target markers:    21058

Starting burn-in iterations

Window=1 Iteration=1
Time for building model:         6 seconds
Time for sampling (singles):     19 seconds
Singles model
mean edges/level =   9.09  max edges/level =  23
mean edges/node  =   1.51  mean count/edge =  20.45

Window=1 Iteration=2
Time for building model:         6 seconds
Time for sampling (singles):     23 seconds
Singles model
mean edges/level =  11.08  max edges/level =  35
mean edges/node  =   1.50  mean count/edge =  16.79

Window=1 Iteration=3
Time for building model:         7 seconds
Time for sampling (singles):     25 seconds
Singles model
mean edges/level =  11.88  max edges/level =  33
mean edges/node  =   1.46  mean count/edge =  15.65

Window=1 Iteration=4
Time for building model:         7 seconds
Time for sampling (singles):     26 seconds
Singles model
mean edges/level =  12.19  max edges/level =  34
mean edges/node  =   1.41  mean count/edge =  15.26

Window=1 Iteration=5
Time for building model:         7 seconds
Time for sampling (singles):     24 seconds
Singles model
mean edges/level =  12.36  max edges/level =  32
mean edges/node  =   1.37  mean count/edge =  15.05

Starting phasing iterations

Window=1 Iteration=6
Time for building model:         7 seconds
Time for sampling (singles):     32 seconds
Singles model
mean edges/level =  12.48  max edges/level =  31
mean edges/node  =   1.35  mean count/edge =  14.91

Window=1 Iteration=7
Time for building model:         7 seconds
Time for sampling (singles):     30 seconds
Singles model
mean edges/level =  12.56  max edges/level =  35
mean edges/node  =   1.34  mean count/edge =  14.80

Window=1 Iteration=8
Time for building model:         7 seconds
Time for sampling (singles):     32 seconds
Singles model
mean edges/level =  12.66  max edges/level =  33
mean edges/node  =   1.33  mean count/edge =  14.69

Window=1 Iteration=9
Time for building model:         7 seconds
Time for sampling (singles):     31 seconds
Singles model
mean edges/level =  12.77  max edges/level =  36
mean edges/node  =   1.32  mean count/edge =  14.56

Window=1 Iteration=10
Time for building model:         7 seconds
Time for sampling (singles):     32 seconds
Singles model
mean edges/level =  12.85  max edges/level =  35
mean edges/node  =   1.31  mean count/edge =  14.48

Number of markers:             21058
Total time for building model: 1 minutes 8 seconds
Total time for sampling:       4 minutes 37 seconds
Total run time:                6 minutes 4 seconds

End time: 09:05 PM MDT on 28 Apr 2014
b4.jar (r1230) finished
